2025-10-20 10:24:34 - pipeline_orchestrator - ERROR - 
[ERROR] Pipeline failed: cannot import name 'validate_data_quality' from 'validation' (C:\GitHub\is-160-project\src\validation.py)
Traceback (most recent call last):
  File "C:\GitHub\is-160-project\src\pipeline_orchestrator.py", line 166, in run_full_pipeline
    validation_results = self.stage_3_validate_data(df)
  File "C:\GitHub\is-160-project\src\pipeline_orchestrator.py", line 90, in stage_3_validate_data
    from validation import validate_data_quality
ImportError: cannot import name 'validate_data_quality' from 'validation' (C:\GitHub\is-160-project\src\validation.py)
2025-10-20 12:40:22 - pipeline_orchestrator - ERROR - 
[ERROR] Pipeline failed: No module named 'feature_pipeline'
Traceback (most recent call last):
  File "C:\GitHub\is-160-project\src\pipeline_orchestrator.py", line 170, in run_full_pipeline
    df_features = self.stage_4_feature_engineering(df_validated)
  File "C:\GitHub\is-160-project\src\pipeline_orchestrator.py", line 101, in stage_4_feature_engineering
    from feature_pipeline import engineer_features
ModuleNotFoundError: No module named 'feature_pipeline'
2025-10-20 12:47:34 - pipeline_orchestrator - ERROR - 
[ERROR] Pipeline failed: No module named 'feature_pipeline'
Traceback (most recent call last):
  File "C:\GitHub\is-160-project\src\pipeline_orchestrator.py", line 170, in run_full_pipeline
    df_features = self.stage_4_feature_engineering(df_validated)
  File "C:\GitHub\is-160-project\src\pipeline_orchestrator.py", line 101, in stage_4_feature_engineering
    from feature_pipeline import engineer_features
ModuleNotFoundError: No module named 'feature_pipeline'
2025-10-20 12:53:49 - exploration - ERROR - Error generating plots: Can't find a usable init.tcl in the following directories: 
    C:/Users/brian/AppData/Local/Programs/Python/Python313/lib/tcl8.6 C:/lib/tcl8.6 C:/lib/tcl8.6 C:/library C:/library C:/tcl8.6.15/library C:/tcl8.6.15/library



This probably means that Tcl wasn't installed properly.

2025-10-20 12:55:16 - pipeline_orchestrator - ERROR - 
[ERROR] Pipeline failed: No module named 'feature_pipeline'
Traceback (most recent call last):
  File "C:\GitHub\is-160-project\src\pipeline_orchestrator.py", line 170, in run_full_pipeline
    df_features = self.stage_4_feature_engineering(df_validated)
  File "C:\GitHub\is-160-project\src\pipeline_orchestrator.py", line 101, in stage_4_feature_engineering
    from feature_pipeline import engineer_features
ModuleNotFoundError: No module named 'feature_pipeline'
2025-10-20 12:58:43 - exploration - ERROR - Error generating plots: Can't find a usable init.tcl in the following directories: 
    C:/Users/brian/AppData/Local/Programs/Python/Python313/lib/tcl8.6 C:/lib/tcl8.6 C:/lib/tcl8.6 C:/library C:/library C:/tcl8.6.15/library C:/tcl8.6.15/library



This probably means that Tcl wasn't installed properly.

2025-10-20 13:00:55 - pipeline_orchestrator - ERROR - 
[ERROR] Pipeline failed: No module named 'feature_pipeline'
Traceback (most recent call last):
  File "C:\GitHub\is-160-project\src\pipeline_orchestrator.py", line 170, in run_full_pipeline
    df_features = self.stage_4_feature_engineering(df_validated)
  File "C:\GitHub\is-160-project\src\pipeline_orchestrator.py", line 101, in stage_4_feature_engineering
    from feature_pipeline import engineer_features
ModuleNotFoundError: No module named 'feature_pipeline'
2025-10-20 13:07:34 - pipeline_orchestrator - ERROR - 
[ERROR] Pipeline failed: No module named 'feature_pipeline'
Traceback (most recent call last):
  File "C:\GitHub\is-160-project\src\pipeline_orchestrator.py", line 170, in run_full_pipeline
    df_features = self.stage_4_feature_engineering(df_validated)
  File "C:\GitHub\is-160-project\src\pipeline_orchestrator.py", line 101, in stage_4_feature_engineering
    from feature_pipeline import engineer_features
ModuleNotFoundError: No module named 'feature_pipeline'
2025-10-20 13:13:52 - pipeline_orchestrator - ERROR - 
[ERROR] Pipeline failed: No module named 'feature_pipeline'
Traceback (most recent call last):
  File "C:\GitHub\is-160-project\src\pipeline_orchestrator.py", line 170, in run_full_pipeline
    df_features = self.stage_4_feature_engineering(df_validated)
  File "C:\GitHub\is-160-project\src\pipeline_orchestrator.py", line 101, in stage_4_feature_engineering
    from feature_pipeline import engineer_features
ModuleNotFoundError: No module named 'feature_pipeline'
2025-10-20 13:49:16 - pipeline_orchestrator - ERROR - 
[ERROR] Pipeline failed: No module named 'feature_pipeline'
Traceback (most recent call last):
  File "C:\GitHub\is-160-project\src\pipeline_orchestrator.py", line 170, in run_full_pipeline
    df_features = self.stage_4_feature_engineering(df_validated)
  File "C:\GitHub\is-160-project\src\pipeline_orchestrator.py", line 101, in stage_4_feature_engineering
    from feature_pipeline import engineer_features
ModuleNotFoundError: No module named 'feature_pipeline'
2025-10-20 14:05:47 - __main__ - WARNING -   WARNING: Found null values in key columns
2025-10-20 14:08:09 - __main__ - WARNING -   WARNING: Found null values in key columns
2025-10-20 14:28:40 - pipeline_orchestrator - ERROR - 
[ERROR] Pipeline failed: too many values to unpack (expected 2)
Traceback (most recent call last):
  File "C:\GitHub\is-160-project\src\pipeline_orchestrator.py", line 195, in run_full_pipeline
    df_processed, preprocessor = self.stage_5_preprocessing(df_features)
    ^^^^^^^^^^^^^^^^^^^^^^^^^^
ValueError: too many values to unpack (expected 2)
2025-10-20 14:44:28 - pipeline_orchestrator - ERROR - 
[ERROR] Pipeline failed: division by zero
Traceback (most recent call last):
  File "C:\GitHub\is-160-project\src\pipeline_orchestrator.py", line 192, in run_full_pipeline
    df_features = self.stage_4_feature_engineering(df_validated)
  File "C:\GitHub\is-160-project\src\pipeline_orchestrator.py", line 123, in stage_4_feature_engineering
    df_features = engineer_features(
        df,
        output_file=self.features_file,
        feature_eng_dir=self.feature_eng_dir
    )
  File "C:\GitHub\is-160-project\src\feature_pipeline.py", line 76, in engineer_features
    df = data_quality_filter(df, output_dir=feature_eng_dir)
  File "C:\GitHub\is-160-project\src\feature_engineering.py", line 216, in data_quality_filter
    removed_pct = (total_removed / initial_count) * 100
                   ~~~~~~~~~~~~~~^~~~~~~~~~~~~~~
ZeroDivisionError: division by zero
2025-10-20 14:50:20 - feature_engineering - WARNING -   [WARN] employment_qoq_pct_change: 12516 infinite values (division by zero)
2025-10-20 14:50:20 - feature_engineering - WARNING -   [WARN] employment_yoy_pct_change: 12617 infinite values (division by zero)
2025-10-20 14:56:14 - pipeline_orchestrator - ERROR - [ERROR] Stage 6: Model Training not yet implemented
2025-10-20 14:56:14 - pipeline_orchestrator - ERROR - [ERROR] This stage will be implemented after preprocessing is complete
2025-10-20 14:56:14 - pipeline_orchestrator - ERROR - 
[ERROR] Pipeline failed: Model training stage (T065-T074) not yet implemented
Traceback (most recent call last):
  File "C:\GitHub\is-160-project\src\pipeline_orchestrator.py", line 201, in run_full_pipeline
    training_results = self.stage_6_train_model(X_tensor, y_tensor, preprocessor)
  File "C:\GitHub\is-160-project\src\pipeline_orchestrator.py", line 153, in stage_6_train_model
    raise NotImplementedError("Model training stage (T065-T074) not yet implemented")
NotImplementedError: Model training stage (T065-T074) not yet implemented
2025-10-20 15:56:02 - pipeline_orchestrator - ERROR - [ERROR] Stage 6: Model Training not yet implemented
2025-10-20 15:56:02 - pipeline_orchestrator - ERROR - [ERROR] This stage will be implemented after preprocessing is complete
2025-10-20 15:56:02 - pipeline_orchestrator - ERROR - 
[ERROR] Pipeline failed: Model training stage (T065-T074) not yet implemented
Traceback (most recent call last):
  File "C:\GitHub\is-160-project\src\pipeline_orchestrator.py", line 201, in run_full_pipeline
    training_results = self.stage_6_train_model(X_tensor, y_tensor, preprocessor)
  File "C:\GitHub\is-160-project\src\pipeline_orchestrator.py", line 153, in stage_6_train_model
    raise NotImplementedError("Model training stage (T065-T074) not yet implemented")
NotImplementedError: Model training stage (T065-T074) not yet implemented
2025-10-20 16:49:18 - pipeline_orchestrator - ERROR - [ERROR] Stage 6: Model Training not yet implemented
2025-10-20 16:49:18 - pipeline_orchestrator - ERROR - [ERROR] This stage will be implemented after preprocessing is complete
2025-10-20 16:49:18 - pipeline_orchestrator - ERROR - 
[ERROR] Pipeline failed: Model training stage (T065-T074) not yet implemented
Traceback (most recent call last):
  File "C:\GitHub\is-160-project\src\pipeline_orchestrator.py", line 201, in run_full_pipeline
    training_results = self.stage_6_train_model(X_tensor, y_tensor, preprocessor)
  File "C:\GitHub\is-160-project\src\pipeline_orchestrator.py", line 153, in stage_6_train_model
    raise NotImplementedError("Model training stage (T065-T074) not yet implemented")
NotImplementedError: Model training stage (T065-T074) not yet implemented
2025-10-25 15:18:50 - pipeline_orchestrator - ERROR - [ERROR] Stage 6: Model Training not yet implemented
2025-10-25 15:18:50 - pipeline_orchestrator - ERROR - [ERROR] This stage will be implemented after preprocessing is complete
2025-10-25 15:18:50 - pipeline_orchestrator - ERROR - 
[ERROR] Pipeline failed: Model training stage (T065-T074) not yet implemented
Traceback (most recent call last):
  File "C:\GitHub\is-160-project\src\pipeline_orchestrator.py", line 201, in run_full_pipeline
    training_results = self.stage_6_train_model(X_tensor, y_tensor, preprocessor)
  File "C:\GitHub\is-160-project\src\pipeline_orchestrator.py", line 153, in stage_6_train_model
    raise NotImplementedError("Model training stage (T065-T074) not yet implemented")
NotImplementedError: Model training stage (T065-T074) not yet implemented
2025-11-08 20:26:28 - src.baselines - WARNING - Insufficient data points (5) for seasonal model. Need at least 8.
2025-11-11 10:15:22 - pipeline_orchestrator - ERROR - 
[ERROR] Pipeline failed: No CSV files found in C:\GitHub\is-160-project\data\raw. Please ensure raw data files are present.
Traceback (most recent call last):
  File "C:\GitHub\is-160-project\src\pipeline_orchestrator.py", line 440, in run_full_pipeline
    df_consolidated = self.stage_1_consolidate_data()
  File "C:\GitHub\is-160-project\src\pipeline_orchestrator.py", line 91, in stage_1_consolidate_data
    return consolidate_raw_data(
        self.raw_dir,
        self.consolidated_file,
        force_rebuild=self.config.get('force_rebuild', False)
    )
  File "C:\GitHub\is-160-project\src\consolidation.py", line 45, in consolidate_raw_data
    raise FileNotFoundError(
    ...<2 lines>...
    )
FileNotFoundError: No CSV files found in C:\GitHub\is-160-project\data\raw. Please ensure raw data files are present.
2025-11-11 10:18:51 - consolidation - WARNING -   WARNING: qcew-2020-2022.csv was recently modified!
2025-11-11 10:18:51 - consolidation - WARNING -   WARNING: qcew-2023-2024.csv was recently modified!
2025-11-11 10:18:51 - consolidation - WARNING -   WARNING: qcew_2004-2007.csv was recently modified!
2025-11-11 10:18:51 - consolidation - WARNING -   WARNING: qcew_2008-2011.csv was recently modified!
2025-11-11 10:18:51 - consolidation - WARNING -   WARNING: qcew_2012-2015.csv was recently modified!
2025-11-11 10:18:51 - consolidation - WARNING -   WARNING: qcew_2016-2019.csv was recently modified!
2025-11-11 10:18:53 - pipeline_orchestrator - ERROR - 
[ERROR] Pipeline failed: No module named 'seaborn'
Traceback (most recent call last):
  File "C:\GitHub\is-160-project\src\pipeline_orchestrator.py", line 443, in run_full_pipeline
    exploration_results = self.stage_2_explore_data(df_consolidated)
  File "C:\GitHub\is-160-project\src\pipeline_orchestrator.py", line 99, in stage_2_explore_data
    from exploration import perform_eda, generate_plots
  File "C:\GitHub\is-160-project\src\exploration.py", line 13, in <module>
    import seaborn as sns
ModuleNotFoundError: No module named 'seaborn'
2025-11-25 16:03:05 - pipeline_orchestrator - WARNING - No validation loss history found; using fallback for best_epoch
2025-11-25 16:09:43 - pipeline_orchestrator - WARNING - No validation loss history found; using fallback for best_epoch
2025-11-25 16:12:36 - pipeline_orchestrator - WARNING - No validation loss history found; using fallback for best_epoch
2025-11-25 16:43:05 - pipeline_orchestrator - WARNING - No validation loss history found; using fallback for best_epoch
2025-11-25 16:44:13 - pipeline_orchestrator - WARNING - No validation loss history found; using fallback for best_epoch
2025-11-25 17:00:01 - pipeline_orchestrator - WARNING - No validation loss history found; using fallback for best_epoch
2025-11-25 17:00:01 - visualization - WARNING - No training history available - skipping training history plot
2025-11-25 17:00:03 - comprehensive_evaluation - WARNING -   No historical data provided; using test set mean as baseline
2025-11-25 18:38:08 - pipeline_orchestrator - WARNING - No validation loss history found; using fallback for best_epoch
2025-11-25 18:38:08 - visualization - WARNING - No training history available - skipping training history plot
2025-11-25 18:38:11 - comprehensive_evaluation - WARNING -   No historical data provided; using test set mean as baseline
2025-11-25 18:41:39 - prediction_interface - ERROR - [ERROR] Prediction interface failed: Error(s) in loading state_dict for EmploymentLSTM:
	size mismatch for lstm.weight_ih_l0: copying a param with shape torch.Size([256, 18]) from checkpoint, the shape in current model is torch.Size([256, 24]).
2025-11-25 18:50:10 - prediction_interface - ERROR - [ERROR] Prediction interface failed: Error(s) in loading state_dict for EmploymentLSTM:
	size mismatch for lstm.weight_ih_l0: copying a param with shape torch.Size([256, 18]) from checkpoint, the shape in current model is torch.Size([256, 24]).
2025-11-25 18:50:33 - prediction_interface - ERROR - [ERROR] Prediction interface failed: 'EmploymentDataPreprocessor' object has no attribute 'feature_names_'
2025-11-25 19:18:10 - prediction_interface - WARNING -   No area name column found. Columns: ['area_type', 'area_name', 'year', 'quarter', 'ownership', 'naics_level', 'industry_code', 'industry_name', 'qtrly_estabs', 'avg_monthly_emplvl', 'month1_emplvl', 'month2_emplvl', 'month3_emplvl', 'total_qtrly_wages', 'avg_wkly_wage', 'quarter_label', 'employment_prev_quarter', 'employment_qoq_change', 'employment_qoq_pct_change', 'employment_4q_ago', 'employment_yoy_change', 'employment_yoy_pct_change', 'avg_monthly_emplvl_lag_1', 'avg_monthly_emplvl_lag_2', 'avg_monthly_emplvl_lag_3', 'avg_monthly_emplvl_lag_4']
2025-11-25 19:18:10 - prediction_interface - WARNING -   No industry code column found
2025-11-28 14:24:08 - comprehensive_evaluation - WARNING -   No historical data provided; using test set mean as baseline
